[2020-03-12 06:00:02] local.INFO: ########## Updated ##########  
[2020-03-12 06:00:02] local.INFO: Updated todays_date and workout_complete status For User Id: 1  
[2020-03-12 06:00:02] local.INFO: ########## Updated ##########  
[2020-03-12 06:00:02] local.INFO: Updated streaks, todays_date and workout_complete status For User Id: 2  
[2020-03-12 06:00:02] local.INFO: ########## Updated ##########  
[2020-03-12 06:00:02] local.INFO: Updated streaks, todays_date and workout_complete status For User Id: 3  
[2020-03-12 06:00:02] local.INFO: ########## Updated ##########  
[2020-03-12 06:00:02] local.INFO: Updated todays_date and workout_complete status For User Id: 4  
[2020-03-13 06:00:02] local.INFO: ########## Updated ##########  
[2020-03-13 06:00:02] local.INFO: Updated streaks, todays_date and workout_complete status For User Id: 1  
[2020-03-13 06:00:02] local.INFO: ########## Updated ##########  
[2020-03-13 06:00:02] local.INFO: Updated streaks, todays_date and workout_complete status For User Id: 2  
[2020-03-13 06:00:02] local.INFO: ########## Updated ##########  
[2020-03-13 06:00:02] local.INFO: Updated streaks, todays_date and workout_complete status For User Id: 3  
[2020-03-13 06:00:02] local.INFO: ########## Updated ##########  
[2020-03-13 06:00:02] local.INFO: Updated streaks, todays_date and workout_complete status For User Id: 4  
[2020-03-14 06:00:01] local.INFO: ########## Updated ##########  
[2020-03-14 06:00:01] local.INFO: Updated todays_date and workout_complete status For User Id: 1  
[2020-03-14 06:00:01] local.INFO: ########## Updated ##########  
[2020-03-14 06:00:01] local.INFO: Updated streaks, todays_date and workout_complete status For User Id: 2  
[2020-03-14 06:00:01] local.INFO: ########## Updated ##########  
[2020-03-14 06:00:01] local.INFO: Updated streaks, todays_date and workout_complete status For User Id: 3  
[2020-03-14 06:00:01] local.INFO: ########## Updated ##########  
[2020-03-14 06:00:01] local.INFO: Updated streaks, todays_date and workout_complete status For User Id: 4  
[2020-03-15 06:00:02] local.INFO: ########## Updated ##########  
[2020-03-15 06:00:02] local.INFO: Updated streaks, todays_date and workout_complete status For User Id: 1  
[2020-03-15 06:00:02] local.INFO: ########## Updated ##########  
[2020-03-15 06:00:02] local.INFO: Updated streaks, todays_date and workout_complete status For User Id: 2  
[2020-03-15 06:00:02] local.INFO: ########## Updated ##########  
[2020-03-15 06:00:02] local.INFO: Updated streaks, todays_date and workout_complete status For User Id: 3  
[2020-03-15 06:00:02] local.INFO: ########## Updated ##########  
[2020-03-15 06:00:02] local.INFO: Updated streaks, todays_date and workout_complete status For User Id: 4  
[2020-03-16 06:00:02] local.INFO: ########## Updated ##########  
[2020-03-16 06:00:02] local.INFO: Updated streaks, todays_date and workout_complete status For User Id: 1  
[2020-03-16 06:00:02] local.INFO: ########## Updated ##########  
[2020-03-16 06:00:02] local.INFO: Updated streaks, todays_date and workout_complete status For User Id: 2  
[2020-03-16 06:00:02] local.INFO: ########## Updated ##########  
[2020-03-16 06:00:02] local.INFO: Updated streaks, todays_date and workout_complete status For User Id: 3  
[2020-03-16 06:00:02] local.INFO: ########## Updated ##########  
[2020-03-16 06:00:02] local.INFO: Updated streaks, todays_date and workout_complete status For User Id: 4  
[2020-03-17 06:00:02] local.INFO: ########## Updated ##########  
[2020-03-17 06:00:02] local.INFO: Updated streaks, todays_date and workout_complete status For User Id: 1  
[2020-03-17 06:00:02] local.INFO: ########## Updated ##########  
[2020-03-17 06:00:02] local.INFO: Updated streaks, todays_date and workout_complete status For User Id: 2  
[2020-03-17 06:00:02] local.INFO: ########## Updated ##########  
[2020-03-17 06:00:02] local.INFO: Updated streaks, todays_date and workout_complete status For User Id: 3  
[2020-03-17 06:00:02] local.INFO: ########## Updated ##########  
[2020-03-17 06:00:02] local.INFO: Updated streaks, todays_date and workout_complete status For User Id: 4  
[2020-03-18 06:00:02] local.INFO: ########## Updated ##########  
[2020-03-18 06:00:02] local.INFO: Updated streaks, todays_date and workout_complete status For User Id: 8  
[2020-03-18 06:00:02] local.INFO: ########## Updated ##########  
[2020-03-18 06:00:02] local.INFO: Updated streaks, todays_date and workout_complete status For User Id: 7  
[2020-03-19 06:00:03] local.INFO: ########## Updated ##########  
[2020-03-19 06:00:03] local.INFO: Updated streaks, todays_date and workout_complete status For User Id: 1  
[2020-03-19 06:00:03] local.INFO: ########## Not Updated ##########  
[2020-03-19 06:00:03] local.INFO: No Data for update for :2020-03-19 06:00:03  
[2020-03-20 06:00:02] local.INFO: ########## Updated ##########  
[2020-03-20 06:00:02] local.INFO: Updated streaks, todays_date and workout_complete status For User Id: 1  
[2020-03-20 06:00:02] local.INFO: ########## Updated ##########  
[2020-03-20 06:00:02] local.INFO: Updated streaks, todays_date and workout_complete status For User Id: 2  
[2020-03-20 06:00:02] local.INFO: ########## Updated ##########  
[2020-03-20 06:00:02] local.INFO: Updated todays_date and workout_complete status For User Id: 3  
[2020-03-20 06:00:02] local.INFO: ########## Updated ##########  
[2020-03-20 06:00:02] local.INFO: Updated todays_date and workout_complete status For User Id: 4  
[2020-03-21 06:00:02] local.INFO: ########## Updated ##########  
[2020-03-21 06:00:02] local.INFO: Updated streaks, todays_date and workout_complete status For User Id: 1  
[2020-03-21 06:00:02] local.INFO: ########## Updated ##########  
[2020-03-21 06:00:02] local.INFO: Updated streaks, todays_date and workout_complete status For User Id: 2  
[2020-03-21 06:00:02] local.INFO: ########## Updated ##########  
[2020-03-21 06:00:02] local.INFO: Updated streaks, todays_date and workout_complete status For User Id: 3  
[2020-03-21 06:00:02] local.INFO: ########## Updated ##########  
[2020-03-21 06:00:02] local.INFO: Updated streaks, todays_date and workout_complete status For User Id: 4  
[2020-03-22 06:00:03] local.INFO: ########## Updated ##########  
[2020-03-22 06:00:03] local.INFO: Updated streaks, todays_date and workout_complete status For User Id: 1  
[2020-03-22 06:00:03] local.INFO: ########## Updated ##########  
[2020-03-22 06:00:03] local.INFO: Updated streaks, todays_date and workout_complete status For User Id: 2  
[2020-03-22 06:00:03] local.INFO: ########## Updated ##########  
[2020-03-22 06:00:03] local.INFO: Updated streaks, todays_date and workout_complete status For User Id: 3  
[2020-03-22 06:00:03] local.INFO: ########## Updated ##########  
[2020-03-22 06:00:03] local.INFO: Updated streaks, todays_date and workout_complete status For User Id: 4  
[2020-03-23 06:00:02] local.INFO: ########## Updated ##########  
[2020-03-23 06:00:02] local.INFO: Updated streaks, todays_date and workout_complete status For User Id: 1  
[2020-03-23 06:00:02] local.INFO: ########## Updated ##########  
[2020-03-23 06:00:02] local.INFO: Updated streaks, todays_date and workout_complete status For User Id: 2  
[2020-03-23 06:00:02] local.INFO: ########## Updated ##########  
[2020-03-23 06:00:02] local.INFO: Updated streaks, todays_date and workout_complete status For User Id: 3  
[2020-03-23 06:00:02] local.INFO: ########## Updated ##########  
[2020-03-23 06:00:02] local.INFO: Updated streaks, todays_date and workout_complete status For User Id: 4  
[2020-03-24 06:00:02] local.INFO: ########## Updated ##########  
[2020-03-24 06:00:02] local.INFO: Updated streaks, todays_date and workout_complete status For User Id: 1  
[2020-03-24 06:00:02] local.INFO: ########## Updated ##########  
[2020-03-24 06:00:02] local.INFO: Updated streaks, todays_date and workout_complete status For User Id: 2  
[2020-03-24 06:00:02] local.INFO: ########## Updated ##########  
[2020-03-24 06:00:02] local.INFO: Updated streaks, todays_date and workout_complete status For User Id: 3  
[2020-03-24 06:00:02] local.INFO: ########## Updated ##########  
[2020-03-24 06:00:02] local.INFO: Updated streaks, todays_date and workout_complete status For User Id: 4  
[2020-03-25 06:00:03] local.INFO: ########## Updated ##########  
[2020-03-25 06:00:03] local.INFO: Updated streaks, todays_date and workout_complete status For User Id: 1  
[2020-03-25 06:00:03] local.INFO: ########## Updated ##########  
[2020-03-25 06:00:03] local.INFO: Updated streaks, todays_date and workout_complete status For User Id: 2  
[2020-03-25 06:00:03] local.INFO: ########## Updated ##########  
[2020-03-25 06:00:03] local.INFO: Updated streaks, todays_date and workout_complete status For User Id: 3  
[2020-03-25 06:00:03] local.INFO: ########## Updated ##########  
[2020-03-25 06:00:03] local.INFO: Updated streaks, todays_date and workout_complete status For User Id: 4  
[2020-03-26 06:00:02] local.INFO: ########## Updated ##########  
[2020-03-26 06:00:02] local.INFO: Updated streaks, todays_date and workout_complete status For User Id: 1  
[2020-03-26 06:00:02] local.INFO: ########## Updated ##########  
[2020-03-26 06:00:02] local.INFO: Updated streaks, todays_date and workout_complete status For User Id: 2  
[2020-03-26 06:00:02] local.INFO: ########## Updated ##########  
[2020-03-26 06:00:02] local.INFO: Updated streaks, todays_date and workout_complete status For User Id: 3  
[2020-03-26 06:00:02] local.INFO: ########## Updated ##########  
[2020-03-26 06:00:02] local.INFO: Updated streaks, todays_date and workout_complete status For User Id: 5  
[2020-03-26 06:00:02] local.INFO: ########## Updated ##########  
[2020-03-26 06:00:02] local.INFO: Updated streaks, todays_date and workout_complete status For User Id: 4  
[2020-03-27 06:00:02] local.INFO: ########## Updated ##########  
[2020-03-27 06:00:02] local.INFO: Updated streaks, todays_date and workout_complete status For User Id: 1  
[2020-03-27 06:00:02] local.INFO: ########## Updated ##########  
[2020-03-27 06:00:02] local.INFO: Updated streaks, todays_date and workout_complete status For User Id: 2  
[2020-03-27 06:00:02] local.INFO: ########## Updated ##########  
[2020-03-27 06:00:02] local.INFO: Updated streaks, todays_date and workout_complete status For User Id: 3  
[2020-03-27 06:00:02] local.INFO: ########## Updated ##########  
[2020-03-27 06:00:02] local.INFO: Updated streaks, todays_date and workout_complete status For User Id: 5  
[2020-03-27 06:00:02] local.INFO: ########## Updated ##########  
[2020-03-27 06:00:02] local.INFO: Updated streaks, todays_date and workout_complete status For User Id: 4  
[2020-03-28 06:00:03] local.INFO: ########## Updated ##########  
[2020-03-28 06:00:03] local.INFO: Updated streaks, todays_date and workout_complete status For User Id: 1  
[2020-03-28 06:00:03] local.INFO: ########## Updated ##########  
[2020-03-28 06:00:03] local.INFO: Updated streaks, todays_date and workout_complete status For User Id: 2  
[2020-03-28 06:00:03] local.INFO: ########## Updated ##########  
[2020-03-28 06:00:03] local.INFO: Updated todays_date and workout_complete status For User Id: 3  
[2020-03-28 06:00:03] local.INFO: ########## Updated ##########  
[2020-03-28 06:00:03] local.INFO: Updated streaks, todays_date and workout_complete status For User Id: 5  
[2020-03-28 06:00:03] local.INFO: ########## Updated ##########  
[2020-03-28 06:00:03] local.INFO: Updated streaks, todays_date and workout_complete status For User Id: 4  
[2020-03-28 06:00:03] local.INFO: ########## Updated ##########  
[2020-03-28 06:00:03] local.INFO: Updated todays_date and workout_complete status For User Id: 6  
[2020-03-29 06:00:03] local.INFO: ########## Updated ##########  
[2020-03-29 06:00:03] local.INFO: Updated streaks, todays_date and workout_complete status For User Id: 1  
[2020-03-29 06:00:03] local.INFO: ########## Updated ##########  
[2020-03-29 06:00:03] local.INFO: Updated streaks, todays_date and workout_complete status For User Id: 2  
[2020-03-29 06:00:03] local.INFO: ########## Updated ##########  
[2020-03-29 06:00:03] local.INFO: Updated streaks, todays_date and workout_complete status For User Id: 3  
[2020-03-29 06:00:03] local.INFO: ########## Updated ##########  
[2020-03-29 06:00:03] local.INFO: Updated streaks, todays_date and workout_complete status For User Id: 5  
[2020-03-29 06:00:03] local.INFO: ########## Updated ##########  
[2020-03-29 06:00:03] local.INFO: Updated streaks, todays_date and workout_complete status For User Id: 4  
[2020-03-29 06:00:03] local.INFO: ########## Updated ##########  
[2020-03-29 06:00:03] local.INFO: Updated streaks, todays_date and workout_complete status For User Id: 6  
[2020-03-30 06:00:03] local.INFO: ########## Updated ##########  
[2020-03-30 06:00:03] local.INFO: Updated streaks, todays_date and workout_complete status For User Id: 1  
[2020-03-30 06:00:03] local.INFO: ########## Updated ##########  
[2020-03-30 06:00:03] local.INFO: Updated streaks, todays_date and workout_complete status For User Id: 2  
[2020-03-30 06:00:03] local.INFO: ########## Updated ##########  
[2020-03-30 06:00:03] local.INFO: Updated streaks, todays_date and workout_complete status For User Id: 3  
[2020-03-30 06:00:03] local.INFO: ########## Updated ##########  
[2020-03-30 06:00:03] local.INFO: Updated streaks, todays_date and workout_complete status For User Id: 5  
[2020-03-30 06:00:03] local.INFO: ########## Updated ##########  
[2020-03-30 06:00:03] local.INFO: Updated streaks, todays_date and workout_complete status For User Id: 4  
[2020-03-30 06:00:03] local.INFO: ########## Updated ##########  
[2020-03-30 06:00:03] local.INFO: Updated todays_date and workout_complete status For User Id: 6  
